{"/Users/nicholaszambrano/Downloads/Important stuff/starling/technical challenge /src/api/StarlingClient.ts": {"path":"/Users/nicholaszambrano/Downloads/Important stuff/starling/technical challenge /src/api/StarlingClient.ts","statementMap":{"0":{"start":{"line":13,"column":17},"end":{"line":13,"column":56}},"1":{"start":{"line":14,"column":21},"end":{"line":14,"column":64}},"2":{"start":{"line":16,"column":0},"end":{"line":18,"column":1}},"3":{"start":{"line":17,"column":4},"end":{"line":17,"column":76}},"4":{"start":{"line":21,"column":19},"end":{"line":26,"column":2}},"5":{"start":{"line":21,"column":46},"end":{"line":26,"column":2}},"6":{"start":{"line":33,"column":14},"end":{"line":33,"column":43}},"7":{"start":{"line":35,"column":19},"end":{"line":35,"column":78}},"8":{"start":{"line":37,"column":2},"end":{"line":40,"column":3}},"9":{"start":{"line":38,"column":22},"end":{"line":38,"column":43}},"10":{"start":{"line":39,"column":4},"end":{"line":39,"column":99}},"11":{"start":{"line":41,"column":2},"end":{"line":41,"column":50}},"12":{"start":{"line":55,"column":16},"end":{"line":55,"column":178}},"13":{"start":{"line":57,"column":21},"end":{"line":57,"column":80}},"14":{"start":{"line":59,"column":4},"end":{"line":62,"column":5}},"15":{"start":{"line":60,"column":26},"end":{"line":60,"column":47}},"16":{"start":{"line":61,"column":8},"end":{"line":61,"column":107}},"17":{"start":{"line":63,"column":4},"end":{"line":63,"column":60}},"18":{"start":{"line":71,"column":16},"end":{"line":71,"column":72}},"19":{"start":{"line":73,"column":21},"end":{"line":73,"column":80}},"20":{"start":{"line":75,"column":4},"end":{"line":78,"column":5}},"21":{"start":{"line":76,"column":26},"end":{"line":76,"column":47}},"22":{"start":{"line":77,"column":8},"end":{"line":77,"column":108}},"23":{"start":{"line":79,"column":4},"end":{"line":79,"column":57}},"24":{"start":{"line":94,"column":20},"end":{"line":94,"column":28}},"25":{"start":{"line":95,"column":16},"end":{"line":95,"column":83}},"26":{"start":{"line":97,"column":24},"end":{"line":102,"column":6}},"27":{"start":{"line":104,"column":21},"end":{"line":108,"column":6}},"28":{"start":{"line":110,"column":4},"end":{"line":113,"column":5}},"29":{"start":{"line":111,"column":26},"end":{"line":111,"column":47}},"30":{"start":{"line":112,"column":8},"end":{"line":112,"column":105}},"31":{"start":{"line":114,"column":4},"end":{"line":114,"column":55}},"32":{"start":{"line":130,"column":24},"end":{"line":130,"column":32}},"33":{"start":{"line":131,"column":16},"end":{"line":131,"column":108}},"34":{"start":{"line":133,"column":24},"end":{"line":135,"column":6}},"35":{"start":{"line":137,"column":21},"end":{"line":141,"column":6}},"36":{"start":{"line":143,"column":4},"end":{"line":146,"column":5}},"37":{"start":{"line":144,"column":26},"end":{"line":144,"column":47}},"38":{"start":{"line":145,"column":8},"end":{"line":145,"column":103}},"39":{"start":{"line":147,"column":4},"end":{"line":147,"column":53}}},"fnMap":{"0":{"name":"(anonymous_0)","decl":{"start":{"line":21,"column":19},"end":{"line":21,"column":20}},"loc":{"start":{"line":21,"column":46},"end":{"line":26,"column":2}}},"1":{"name":"getAccounts","decl":{"start":{"line":32,"column":22},"end":{"line":32,"column":33}},"loc":{"start":{"line":32,"column":33},"end":{"line":42,"column":1}}},"2":{"name":"getTransactions","decl":{"start":{"line":48,"column":22},"end":{"line":48,"column":37}},"loc":{"start":{"line":52,"column":19},"end":{"line":64,"column":1}}},"3":{"name":"getSavingsGoals","decl":{"start":{"line":70,"column":22},"end":{"line":70,"column":37}},"loc":{"start":{"line":70,"column":56},"end":{"line":80,"column":1}}},"4":{"name":"createSavingsGoal","decl":{"start":{"line":87,"column":22},"end":{"line":87,"column":39}},"loc":{"start":{"line":91,"column":37},"end":{"line":115,"column":1}}},"5":{"name":"fundSavingsGoal","decl":{"start":{"line":122,"column":22},"end":{"line":122,"column":37}},"loc":{"start":{"line":127,"column":37},"end":{"line":148,"column":1}}}},"branchMap":{"0":{"loc":{"start":{"line":16,"column":0},"end":{"line":18,"column":1}},"type":"if","locations":[{"start":{"line":16,"column":0},"end":{"line":18,"column":1}},{"start":{},"end":{}}]},"1":{"loc":{"start":{"line":16,"column":4},"end":{"line":16,"column":30}},"type":"binary-expr","locations":[{"start":{"line":16,"column":4},"end":{"line":16,"column":13}},{"start":{"line":16,"column":17},"end":{"line":16,"column":30}}]},"2":{"loc":{"start":{"line":25,"column":8},"end":{"line":25,"column":54}},"type":"binary-expr","locations":[{"start":{"line":25,"column":8},"end":{"line":25,"column":19}},{"start":{"line":25,"column":23},"end":{"line":25,"column":54}}]},"3":{"loc":{"start":{"line":37,"column":2},"end":{"line":40,"column":3}},"type":"if","locations":[{"start":{"line":37,"column":2},"end":{"line":40,"column":3}},{"start":{},"end":{}}]},"4":{"loc":{"start":{"line":59,"column":4},"end":{"line":62,"column":5}},"type":"if","locations":[{"start":{"line":59,"column":4},"end":{"line":62,"column":5}},{"start":{},"end":{}}]},"5":{"loc":{"start":{"line":75,"column":4},"end":{"line":78,"column":5}},"type":"if","locations":[{"start":{"line":75,"column":4},"end":{"line":78,"column":5}},{"start":{},"end":{}}]},"6":{"loc":{"start":{"line":91,"column":4},"end":{"line":91,"column":37}},"type":"default-arg","locations":[{"start":{"line":91,"column":27},"end":{"line":91,"column":37}}]},"7":{"loc":{"start":{"line":110,"column":4},"end":{"line":113,"column":5}},"type":"if","locations":[{"start":{"line":110,"column":4},"end":{"line":113,"column":5}},{"start":{},"end":{}}]},"8":{"loc":{"start":{"line":127,"column":4},"end":{"line":127,"column":37}},"type":"default-arg","locations":[{"start":{"line":127,"column":27},"end":{"line":127,"column":37}}]},"9":{"loc":{"start":{"line":143,"column":4},"end":{"line":146,"column":5}},"type":"if","locations":[{"start":{"line":143,"column":4},"end":{"line":146,"column":5}},{"start":{},"end":{}}]}},"s":{"0":1,"1":1,"2":1,"3":0,"4":1,"5":4,"6":0,"7":0,"8":0,"9":0,"10":0,"11":0,"12":0,"13":0,"14":0,"15":0,"16":0,"17":0,"18":0,"19":0,"20":0,"21":0,"22":0,"23":0,"24":2,"25":2,"26":2,"27":2,"28":2,"29":1,"30":1,"31":1,"32":2,"33":2,"34":2,"35":2,"36":2,"37":1,"38":1,"39":1},"f":{"0":4,"1":0,"2":0,"3":0,"4":2,"5":2},"b":{"0":[0,1],"1":[1,1],"2":[4,4],"3":[0,0],"4":[0,0],"5":[0,0],"6":[0],"7":[1,1],"8":[0],"9":[1,1]}}
,"/Users/nicholaszambrano/Downloads/Important stuff/starling/technical challenge /src/logic/DateUtils.ts": {"path":"/Users/nicholaszambrano/Downloads/Important stuff/starling/technical challenge /src/logic/DateUtils.ts","statementMap":{"0":{"start":{"line":4,"column":16},"end":{"line":4,"column":26}},"1":{"start":{"line":6,"column":25},"end":{"line":6,"column":76}},"2":{"start":{"line":9,"column":4},"end":{"line":14,"column":6}}},"fnMap":{"0":{"name":"getLastWeekRange","decl":{"start":{"line":3,"column":16},"end":{"line":3,"column":32}},"loc":{"start":{"line":3,"column":32},"end":{"line":15,"column":1}}}},"branchMap":{},"s":{"0":2,"1":2,"2":2},"f":{"0":2},"b":{}}
,"/Users/nicholaszambrano/Downloads/Important stuff/starling/technical challenge /src/logic/RoundUpCalculator.ts": {"path":"/Users/nicholaszambrano/Downloads/Important stuff/starling/technical challenge /src/logic/RoundUpCalculator.ts","statementMap":{"0":{"start":{"line":14,"column":29},"end":{"line":14,"column":30}},"1":{"start":{"line":17,"column":4},"end":{"line":43,"column":5}},"2":{"start":{"line":19,"column":8},"end":{"line":21,"column":9}},"3":{"start":{"line":20,"column":12},"end":{"line":20,"column":21}},"4":{"start":{"line":24,"column":8},"end":{"line":26,"column":9}},"5":{"start":{"line":25,"column":12},"end":{"line":25,"column":21}},"6":{"start":{"line":28,"column":27},"end":{"line":28,"column":47}},"7":{"start":{"line":32,"column":26},"end":{"line":32,"column":42}},"8":{"start":{"line":35,"column":8},"end":{"line":37,"column":9}},"9":{"start":{"line":36,"column":12},"end":{"line":36,"column":21}},"10":{"start":{"line":40,"column":24},"end":{"line":40,"column":39}},"11":{"start":{"line":42,"column":8},"end":{"line":42,"column":38}},"12":{"start":{"line":45,"column":4},"end":{"line":45,"column":30}}},"fnMap":{"0":{"name":"calculateTotalRoundUp","decl":{"start":{"line":13,"column":16},"end":{"line":13,"column":37}},"loc":{"start":{"line":13,"column":65},"end":{"line":46,"column":1}}}},"branchMap":{"0":{"loc":{"start":{"line":19,"column":8},"end":{"line":21,"column":9}},"type":"if","locations":[{"start":{"line":19,"column":8},"end":{"line":21,"column":9}},{"start":{},"end":{}}]},"1":{"loc":{"start":{"line":24,"column":8},"end":{"line":26,"column":9}},"type":"if","locations":[{"start":{"line":24,"column":8},"end":{"line":26,"column":9}},{"start":{},"end":{}}]},"2":{"loc":{"start":{"line":35,"column":8},"end":{"line":37,"column":9}},"type":"if","locations":[{"start":{"line":35,"column":8},"end":{"line":37,"column":9}},{"start":{},"end":{}}]}},"s":{"0":4,"1":4,"2":10,"3":1,"4":9,"5":2,"6":7,"7":7,"8":7,"9":2,"10":5,"11":5,"12":4},"f":{"0":4},"b":{"0":[1,9],"1":[2,7],"2":[2,5]}}
}
