TN:
SF:src/api/StarlingClient.ts
FN:21,(anonymous_0)
FN:32,getAccounts
FN:48,getTransactions
FN:70,getSavingsGoals
FN:87,createSavingsGoal
FN:122,fundSavingsGoal
FNF:6
FNH:3
FNDA:4,(anonymous_0)
FNDA:0,getAccounts
FNDA:0,getTransactions
FNDA:0,getSavingsGoals
FNDA:2,createSavingsGoal
FNDA:2,fundSavingsGoal
DA:13,1
DA:14,1
DA:16,1
DA:17,0
DA:21,4
DA:33,0
DA:35,0
DA:37,0
DA:38,0
DA:39,0
DA:41,0
DA:55,0
DA:57,0
DA:59,0
DA:60,0
DA:61,0
DA:63,0
DA:71,0
DA:73,0
DA:75,0
DA:76,0
DA:77,0
DA:79,0
DA:94,2
DA:95,2
DA:97,2
DA:104,2
DA:110,2
DA:111,1
DA:112,1
DA:114,1
DA:130,2
DA:131,2
DA:133,2
DA:137,2
DA:143,2
DA:144,1
DA:145,1
DA:147,1
LF:39
LH:20
BRDA:16,0,0,0
BRDA:16,0,1,1
BRDA:16,1,0,1
BRDA:16,1,1,1
BRDA:25,2,0,4
BRDA:25,2,1,4
BRDA:37,3,0,0
BRDA:37,3,1,0
BRDA:59,4,0,0
BRDA:59,4,1,0
BRDA:75,5,0,0
BRDA:75,5,1,0
BRDA:91,6,0,0
BRDA:110,7,0,1
BRDA:110,7,1,1
BRDA:127,8,0,0
BRDA:143,9,0,1
BRDA:143,9,1,1
BRF:18
BRH:9
end_of_record
TN:
SF:src/logic/DateUtils.ts
FN:3,getLastWeekRange
FNF:1
FNH:1
FNDA:2,getLastWeekRange
DA:4,2
DA:6,2
DA:9,2
LF:3
LH:3
BRF:0
BRH:0
end_of_record
TN:
SF:src/logic/RoundUpCalculator.ts
FN:13,calculateTotalRoundUp
FNF:1
FNH:1
FNDA:4,calculateTotalRoundUp
DA:14,4
DA:17,4
DA:19,10
DA:20,1
DA:24,9
DA:25,2
DA:28,7
DA:32,7
DA:35,7
DA:36,2
DA:40,5
DA:42,5
DA:45,4
LF:13
LH:13
BRDA:19,0,0,1
BRDA:19,0,1,9
BRDA:24,1,0,2
BRDA:24,1,1,7
BRDA:35,2,0,2
BRDA:35,2,1,5
BRF:6
BRH:6
end_of_record
